Analysis & Synthesis report for frequency_meter_Nios_display
Wed Sep 09 20:02:10 2020
Quartus Prime Version 16.0.0 Build 211 04/27/2016 SJ Standard Edition


---------------------
; Table of Contents ;
---------------------
  1. Legal Notice
  2. Analysis & Synthesis Summary
  3. Analysis & Synthesis Settings
  4. Parallel Compilation
  5. Analysis & Synthesis Messages
  6. Analysis & Synthesis Suppressed Messages



----------------
; Legal Notice ;
----------------
Copyright (C) 1991-2016 Altera Corporation. All rights reserved.
Your use of Altera Corporation's design tools, logic functions 
and other software and tools, and its AMPP partner logic 
functions, and any output files from any of the foregoing 
(including device programming or simulation files), and any 
associated documentation or information are expressly subject 
to the terms and conditions of the Altera Program License 
Subscription Agreement, the Altera Quartus Prime License Agreement,
the Altera MegaCore Function License Agreement, or other 
applicable license agreement, including, without limitation, 
that your use is for the sole purpose of programming logic 
devices manufactured by Altera and sold by Altera or its 
authorized distributors.  Please refer to the applicable 
agreement for further details.



+-------------------------------------------------------------------------------+
; Analysis & Synthesis Summary                                                  ;
+-----------------------------+-------------------------------------------------+
; Analysis & Synthesis Status ; Failed - Wed Sep 09 20:02:10 2020               ;
; Quartus Prime Version       ; 16.0.0 Build 211 04/27/2016 SJ Standard Edition ;
; Revision Name               ; frequency_meter_Nios_display                    ;
; Top-level Entity Name       ; frequency_meter_Nios_display                    ;
; Family                      ; Cyclone V                                       ;
; Logic utilization (in ALMs) ; N/A until Partition Merge                       ;
; Total registers             ; N/A until Partition Merge                       ;
; Total pins                  ; N/A until Partition Merge                       ;
; Total virtual pins          ; N/A until Partition Merge                       ;
; Total block memory bits     ; N/A until Partition Merge                       ;
; Total PLLs                  ; N/A until Partition Merge                       ;
; Total DLLs                  ; N/A until Partition Merge                       ;
+-----------------------------+-------------------------------------------------+


+-----------------------------------------------------------------------------------------------------------------------------------------------+
; Analysis & Synthesis Settings                                                                                                                 ;
+---------------------------------------------------------------------------------+------------------------------+------------------------------+
; Option                                                                          ; Setting                      ; Default Value                ;
+---------------------------------------------------------------------------------+------------------------------+------------------------------+
; Device                                                                          ; 5CSEMA5F31C6                 ;                              ;
; Top-level entity name                                                           ; frequency_meter_Nios_display ; frequency_meter_Nios_display ;
; Family name                                                                     ; Cyclone V                    ; Cyclone V                    ;
; Use smart compilation                                                           ; Off                          ; Off                          ;
; Enable parallel Assembler and TimeQuest Timing Analyzer during compilation      ; On                           ; On                           ;
; Enable compact report table                                                     ; Off                          ; Off                          ;
; Restructure Multiplexers                                                        ; Auto                         ; Auto                         ;
; MLAB Add Timing Constraints For Mixed-Port Feed-Through Mode Setting Don't Care ; Off                          ; Off                          ;
; Create Debugging Nodes for IP Cores                                             ; Off                          ; Off                          ;
; Preserve fewer node names                                                       ; On                           ; On                           ;
; Disable OpenCore Plus hardware evaluation                                       ; Off                          ; Off                          ;
; Verilog Version                                                                 ; Verilog_2001                 ; Verilog_2001                 ;
; VHDL Version                                                                    ; VHDL_1993                    ; VHDL_1993                    ;
; State Machine Processing                                                        ; Auto                         ; Auto                         ;
; Safe State Machine                                                              ; Off                          ; Off                          ;
; Extract Verilog State Machines                                                  ; On                           ; On                           ;
; Extract VHDL State Machines                                                     ; On                           ; On                           ;
; Ignore Verilog initial constructs                                               ; Off                          ; Off                          ;
; Iteration limit for constant Verilog loops                                      ; 5000                         ; 5000                         ;
; Iteration limit for non-constant Verilog loops                                  ; 250                          ; 250                          ;
; Add Pass-Through Logic to Inferred RAMs                                         ; On                           ; On                           ;
; Infer RAMs from Raw Logic                                                       ; On                           ; On                           ;
; Parallel Synthesis                                                              ; On                           ; On                           ;
; DSP Block Balancing                                                             ; Auto                         ; Auto                         ;
; NOT Gate Push-Back                                                              ; On                           ; On                           ;
; Power-Up Don't Care                                                             ; On                           ; On                           ;
; Remove Redundant Logic Cells                                                    ; Off                          ; Off                          ;
; Remove Duplicate Registers                                                      ; On                           ; On                           ;
; Ignore CARRY Buffers                                                            ; Off                          ; Off                          ;
; Ignore CASCADE Buffers                                                          ; Off                          ; Off                          ;
; Ignore GLOBAL Buffers                                                           ; Off                          ; Off                          ;
; Ignore ROW GLOBAL Buffers                                                       ; Off                          ; Off                          ;
; Ignore LCELL Buffers                                                            ; Off                          ; Off                          ;
; Ignore SOFT Buffers                                                             ; On                           ; On                           ;
; Limit AHDL Integers to 32 Bits                                                  ; Off                          ; Off                          ;
; Optimization Technique                                                          ; Balanced                     ; Balanced                     ;
; Carry Chain Length                                                              ; 70                           ; 70                           ;
; Auto Carry Chains                                                               ; On                           ; On                           ;
; Auto Open-Drain Pins                                                            ; On                           ; On                           ;
; Perform WYSIWYG Primitive Resynthesis                                           ; Off                          ; Off                          ;
; Auto ROM Replacement                                                            ; On                           ; On                           ;
; Auto RAM Replacement                                                            ; On                           ; On                           ;
; Auto DSP Block Replacement                                                      ; On                           ; On                           ;
; Auto Shift Register Replacement                                                 ; Auto                         ; Auto                         ;
; Allow Shift Register Merging across Hierarchies                                 ; Auto                         ; Auto                         ;
; Auto Clock Enable Replacement                                                   ; On                           ; On                           ;
; Strict RAM Replacement                                                          ; Off                          ; Off                          ;
; Allow Synchronous Control Signals                                               ; On                           ; On                           ;
; Force Use of Synchronous Clear Signals                                          ; Off                          ; Off                          ;
; Auto Resource Sharing                                                           ; Off                          ; Off                          ;
; Allow Any RAM Size For Recognition                                              ; Off                          ; Off                          ;
; Allow Any ROM Size For Recognition                                              ; Off                          ; Off                          ;
; Allow Any Shift Register Size For Recognition                                   ; Off                          ; Off                          ;
; Use LogicLock Constraints during Resource Balancing                             ; On                           ; On                           ;
; Ignore translate_off and synthesis_off directives                               ; Off                          ; Off                          ;
; Timing-Driven Synthesis                                                         ; On                           ; On                           ;
; Report Parameter Settings                                                       ; On                           ; On                           ;
; Report Source Assignments                                                       ; On                           ; On                           ;
; Report Connectivity Checks                                                      ; On                           ; On                           ;
; Ignore Maximum Fan-Out Assignments                                              ; Off                          ; Off                          ;
; Synchronization Register Chain Length                                           ; 3                            ; 3                            ;
; PowerPlay Power Optimization During Synthesis                                   ; Normal compilation           ; Normal compilation           ;
; HDL message level                                                               ; Level2                       ; Level2                       ;
; Suppress Register Optimization Related Messages                                 ; Off                          ; Off                          ;
; Number of Removed Registers Reported in Synthesis Report                        ; 5000                         ; 5000                         ;
; Number of Swept Nodes Reported in Synthesis Report                              ; 5000                         ; 5000                         ;
; Number of Inverted Registers Reported in Synthesis Report                       ; 100                          ; 100                          ;
; Clock MUX Protection                                                            ; On                           ; On                           ;
; Auto Gated Clock Conversion                                                     ; Off                          ; Off                          ;
; Block Design Naming                                                             ; Auto                         ; Auto                         ;
; SDC constraint protection                                                       ; Off                          ; Off                          ;
; Synthesis Effort                                                                ; Auto                         ; Auto                         ;
; Shift Register Replacement - Allow Asynchronous Clear Signal                    ; On                           ; On                           ;
; Pre-Mapping Resynthesis Optimization                                            ; Off                          ; Off                          ;
; Analysis & Synthesis Message Level                                              ; Medium                       ; Medium                       ;
; Disable Register Merging Across Hierarchies                                     ; Auto                         ; Auto                         ;
; Resource Aware Inference For Block RAM                                          ; On                           ; On                           ;
; Synthesis Seed                                                                  ; 1                            ; 1                            ;
; Automatic Parallel Synthesis                                                    ; On                           ; On                           ;
; Partial Reconfiguration Bitstream ID                                            ; Off                          ; Off                          ;
+---------------------------------------------------------------------------------+------------------------------+------------------------------+


+------------------------------------------+
; Parallel Compilation                     ;
+----------------------------+-------------+
; Processors                 ; Number      ;
+----------------------------+-------------+
; Number detected on machine ; 4           ;
; Maximum allowed            ; 2           ;
;                            ;             ;
; Average used               ; 1.00        ;
; Maximum used               ; 1           ;
;                            ;             ;
; Usage by Processor         ; % Time Used ;
;     Processor 1            ; 100.0%      ;
+----------------------------+-------------+


+-------------------------------+
; Analysis & Synthesis Messages ;
+-------------------------------+
Info: *******************************************************************
Info: Running Quartus Prime Analysis & Synthesis
    Info: Version 16.0.0 Build 211 04/27/2016 SJ Standard Edition
    Info: Processing started: Wed Sep 09 20:01:53 2020
Info: Command: quartus_map --read_settings_files=on --write_settings_files=off frequency_meter_Nios_display -c frequency_meter_Nios_display
Warning (18236): Number of processors has not been specified which may cause overloading on shared machines.  Set the global assignment NUM_PARALLEL_PROCESSORS in your QSF to an appropriate value for best performance.
Info (20030): Parallel compilation is enabled and will use 2 of the 2 processors detected
Info (12021): Found 1 design units, including 1 entities, in source file freq_m_module/counter.v
    Info (12023): Found entity 1: Counter File: C:/Users/petry/OneDrive/Documents/GitHub/frequency_meter_Nios_display/freq_m_module/Counter.v Line: 40
Info (12021): Found 1 design units, including 1 entities, in source file freq_m_module/freq_m_module.v
    Info (12023): Found entity 1: freq_m_module File: C:/Users/petry/OneDrive/Documents/GitHub/frequency_meter_Nios_display/freq_m_module/freq_m_module.v Line: 1
Info (12021): Found 1 design units, including 1 entities, in source file nios_display_system/synthesis/nios_display_system.v
    Info (12023): Found entity 1: Nios_display_system File: C:/Users/petry/OneDrive/Documents/GitHub/frequency_meter_Nios_display/Nios_display_system/synthesis/Nios_display_system.v Line: 6
Info (12021): Found 1 design units, including 1 entities, in source file nios_display_system/synthesis/submodules/altera_reset_controller.v
    Info (12023): Found entity 1: altera_reset_controller File: C:/Users/petry/OneDrive/Documents/GitHub/frequency_meter_Nios_display/Nios_display_system/synthesis/submodules/altera_reset_controller.v Line: 42
Info (12021): Found 1 design units, including 1 entities, in source file nios_display_system/synthesis/submodules/altera_reset_synchronizer.v
    Info (12023): Found entity 1: altera_reset_synchronizer File: C:/Users/petry/OneDrive/Documents/GitHub/frequency_meter_Nios_display/Nios_display_system/synthesis/submodules/altera_reset_synchronizer.v Line: 24
Info (12021): Found 1 design units, including 1 entities, in source file nios_display_system/synthesis/submodules/nios_display_system_irq_mapper.sv
    Info (12023): Found entity 1: Nios_display_system_irq_mapper File: C:/Users/petry/OneDrive/Documents/GitHub/frequency_meter_Nios_display/Nios_display_system/synthesis/submodules/Nios_display_system_irq_mapper.sv Line: 31
Info (12021): Found 1 design units, including 1 entities, in source file nios_display_system/synthesis/submodules/nios_display_system_mm_interconnect_0.v
    Info (12023): Found entity 1: Nios_display_system_mm_interconnect_0 File: C:/Users/petry/OneDrive/Documents/GitHub/frequency_meter_Nios_display/Nios_display_system/synthesis/submodules/Nios_display_system_mm_interconnect_0.v Line: 9
Info (12021): Found 1 design units, including 1 entities, in source file nios_display_system/synthesis/submodules/nios_display_system_mm_interconnect_0_avalon_st_adapter_004.v
    Info (12023): Found entity 1: Nios_display_system_mm_interconnect_0_avalon_st_adapter_004 File: C:/Users/petry/OneDrive/Documents/GitHub/frequency_meter_Nios_display/Nios_display_system/synthesis/submodules/Nios_display_system_mm_interconnect_0_avalon_st_adapter_004.v Line: 9
Info (12021): Found 1 design units, including 1 entities, in source file nios_display_system/synthesis/submodules/nios_display_system_mm_interconnect_0_avalon_st_adapter_004_error_adapter_0.sv
    Info (12023): Found entity 1: Nios_display_system_mm_interconnect_0_avalon_st_adapter_004_error_adapter_0 File: C:/Users/petry/OneDrive/Documents/GitHub/frequency_meter_Nios_display/Nios_display_system/synthesis/submodules/Nios_display_system_mm_interconnect_0_avalon_st_adapter_004_error_adapter_0.sv Line: 66
Info (12021): Found 1 design units, including 1 entities, in source file nios_display_system/synthesis/submodules/nios_display_system_mm_interconnect_0_avalon_st_adapter.v
    Info (12023): Found entity 1: Nios_display_system_mm_interconnect_0_avalon_st_adapter File: C:/Users/petry/OneDrive/Documents/GitHub/frequency_meter_Nios_display/Nios_display_system/synthesis/submodules/Nios_display_system_mm_interconnect_0_avalon_st_adapter.v Line: 9
Info (12021): Found 1 design units, including 1 entities, in source file nios_display_system/synthesis/submodules/nios_display_system_mm_interconnect_0_avalon_st_adapter_error_adapter_0.sv
    Info (12023): Found entity 1: Nios_display_system_mm_interconnect_0_avalon_st_adapter_error_adapter_0 File: C:/Users/petry/OneDrive/Documents/GitHub/frequency_meter_Nios_display/Nios_display_system/synthesis/submodules/Nios_display_system_mm_interconnect_0_avalon_st_adapter_error_adapter_0.sv Line: 66
Info (12021): Found 1 design units, including 1 entities, in source file nios_display_system/synthesis/submodules/altera_merlin_width_adapter.sv
    Info (12023): Found entity 1: altera_merlin_width_adapter File: C:/Users/petry/OneDrive/Documents/GitHub/frequency_meter_Nios_display/Nios_display_system/synthesis/submodules/altera_merlin_width_adapter.sv Line: 25
Info (12021): Found 1 design units, including 1 entities, in source file nios_display_system/synthesis/submodules/altera_merlin_address_alignment.sv
    Info (12023): Found entity 1: altera_merlin_address_alignment File: C:/Users/petry/OneDrive/Documents/GitHub/frequency_meter_Nios_display/Nios_display_system/synthesis/submodules/altera_merlin_address_alignment.sv Line: 26
Info (12021): Found 1 design units, including 1 entities, in source file nios_display_system/synthesis/submodules/altera_merlin_burst_uncompressor.sv
    Info (12023): Found entity 1: altera_merlin_burst_uncompressor File: C:/Users/petry/OneDrive/Documents/GitHub/frequency_meter_Nios_display/Nios_display_system/synthesis/submodules/altera_merlin_burst_uncompressor.sv Line: 40
Info (12021): Found 1 design units, including 1 entities, in source file nios_display_system/synthesis/submodules/nios_display_system_mm_interconnect_0_rsp_mux_001.sv
    Info (12023): Found entity 1: Nios_display_system_mm_interconnect_0_rsp_mux_001 File: C:/Users/petry/OneDrive/Documents/GitHub/frequency_meter_Nios_display/Nios_display_system/synthesis/submodules/Nios_display_system_mm_interconnect_0_rsp_mux_001.sv Line: 51
Info (12021): Found 2 design units, including 2 entities, in source file nios_display_system/synthesis/submodules/altera_merlin_arbitrator.sv
    Info (12023): Found entity 1: altera_merlin_arbitrator File: C:/Users/petry/OneDrive/Documents/GitHub/frequency_meter_Nios_display/Nios_display_system/synthesis/submodules/altera_merlin_arbitrator.sv Line: 103
    Info (12023): Found entity 2: altera_merlin_arb_adder File: C:/Users/petry/OneDrive/Documents/GitHub/frequency_meter_Nios_display/Nios_display_system/synthesis/submodules/altera_merlin_arbitrator.sv Line: 228
Info (12021): Found 1 design units, including 1 entities, in source file nios_display_system/synthesis/submodules/nios_display_system_mm_interconnect_0_rsp_mux.sv
    Info (12023): Found entity 1: Nios_display_system_mm_interconnect_0_rsp_mux File: C:/Users/petry/OneDrive/Documents/GitHub/frequency_meter_Nios_display/Nios_display_system/synthesis/submodules/Nios_display_system_mm_interconnect_0_rsp_mux.sv Line: 51
Info (12021): Found 1 design units, including 1 entities, in source file nios_display_system/synthesis/submodules/nios_display_system_mm_interconnect_0_rsp_demux_001.sv
    Info (12023): Found entity 1: Nios_display_system_mm_interconnect_0_rsp_demux_001 File: C:/Users/petry/OneDrive/Documents/GitHub/frequency_meter_Nios_display/Nios_display_system/synthesis/submodules/Nios_display_system_mm_interconnect_0_rsp_demux_001.sv Line: 43
Info (12021): Found 1 design units, including 1 entities, in source file nios_display_system/synthesis/submodules/nios_display_system_mm_interconnect_0_rsp_demux.sv
    Info (12023): Found entity 1: Nios_display_system_mm_interconnect_0_rsp_demux File: C:/Users/petry/OneDrive/Documents/GitHub/frequency_meter_Nios_display/Nios_display_system/synthesis/submodules/Nios_display_system_mm_interconnect_0_rsp_demux.sv Line: 43
Info (12021): Found 1 design units, including 1 entities, in source file nios_display_system/synthesis/submodules/nios_display_system_mm_interconnect_0_cmd_mux_001.sv
    Info (12023): Found entity 1: Nios_display_system_mm_interconnect_0_cmd_mux_001 File: C:/Users/petry/OneDrive/Documents/GitHub/frequency_meter_Nios_display/Nios_display_system/synthesis/submodules/Nios_display_system_mm_interconnect_0_cmd_mux_001.sv Line: 51
Info (12021): Found 1 design units, including 1 entities, in source file nios_display_system/synthesis/submodules/nios_display_system_mm_interconnect_0_cmd_mux.sv
    Info (12023): Found entity 1: Nios_display_system_mm_interconnect_0_cmd_mux File: C:/Users/petry/OneDrive/Documents/GitHub/frequency_meter_Nios_display/Nios_display_system/synthesis/submodules/Nios_display_system_mm_interconnect_0_cmd_mux.sv Line: 51
Info (12021): Found 1 design units, including 1 entities, in source file nios_display_system/synthesis/submodules/nios_display_system_mm_interconnect_0_cmd_demux_001.sv
    Info (12023): Found entity 1: Nios_display_system_mm_interconnect_0_cmd_demux_001 File: C:/Users/petry/OneDrive/Documents/GitHub/frequency_meter_Nios_display/Nios_display_system/synthesis/submodules/Nios_display_system_mm_interconnect_0_cmd_demux_001.sv Line: 43
Info (12021): Found 1 design units, including 1 entities, in source file nios_display_system/synthesis/submodules/nios_display_system_mm_interconnect_0_cmd_demux.sv
    Info (12023): Found entity 1: Nios_display_system_mm_interconnect_0_cmd_demux File: C:/Users/petry/OneDrive/Documents/GitHub/frequency_meter_Nios_display/Nios_display_system/synthesis/submodules/Nios_display_system_mm_interconnect_0_cmd_demux.sv Line: 43
Info (12021): Found 1 design units, including 1 entities, in source file nios_display_system/synthesis/submodules/altera_merlin_burst_adapter.sv
    Info (12023): Found entity 1: altera_merlin_burst_adapter File: C:/Users/petry/OneDrive/Documents/GitHub/frequency_meter_Nios_display/Nios_display_system/synthesis/submodules/altera_merlin_burst_adapter.sv Line: 21
Info (12021): Found 1 design units, including 1 entities, in source file nios_display_system/synthesis/submodules/altera_merlin_burst_adapter_uncmpr.sv
    Info (12023): Found entity 1: altera_merlin_burst_adapter_uncompressed_only File: C:/Users/petry/OneDrive/Documents/GitHub/frequency_meter_Nios_display/Nios_display_system/synthesis/submodules/altera_merlin_burst_adapter_uncmpr.sv Line: 39
Info (12021): Found 5 design units, including 5 entities, in source file nios_display_system/synthesis/submodules/altera_merlin_burst_adapter_13_1.sv
    Info (12023): Found entity 1: altera_merlin_burst_adapter_burstwrap_increment File: C:/Users/petry/OneDrive/Documents/GitHub/frequency_meter_Nios_display/Nios_display_system/synthesis/submodules/altera_merlin_burst_adapter_13_1.sv Line: 40
    Info (12023): Found entity 2: altera_merlin_burst_adapter_adder File: C:/Users/petry/OneDrive/Documents/GitHub/frequency_meter_Nios_display/Nios_display_system/synthesis/submodules/altera_merlin_burst_adapter_13_1.sv Line: 55
    Info (12023): Found entity 3: altera_merlin_burst_adapter_subtractor File: C:/Users/petry/OneDrive/Documents/GitHub/frequency_meter_Nios_display/Nios_display_system/synthesis/submodules/altera_merlin_burst_adapter_13_1.sv Line: 77
    Info (12023): Found entity 4: altera_merlin_burst_adapter_min File: C:/Users/petry/OneDrive/Documents/GitHub/frequency_meter_Nios_display/Nios_display_system/synthesis/submodules/altera_merlin_burst_adapter_13_1.sv Line: 98
    Info (12023): Found entity 5: altera_merlin_burst_adapter_13_1 File: C:/Users/petry/OneDrive/Documents/GitHub/frequency_meter_Nios_display/Nios_display_system/synthesis/submodules/altera_merlin_burst_adapter_13_1.sv Line: 264
Info (12021): Found 1 design units, including 1 entities, in source file nios_display_system/synthesis/submodules/altera_merlin_burst_adapter_new.sv
    Info (12023): Found entity 1: altera_merlin_burst_adapter_new File: C:/Users/petry/OneDrive/Documents/GitHub/frequency_meter_Nios_display/Nios_display_system/synthesis/submodules/altera_merlin_burst_adapter_new.sv Line: 25
Info (12021): Found 1 design units, including 1 entities, in source file nios_display_system/synthesis/submodules/altera_incr_burst_converter.sv
    Info (12023): Found entity 1: altera_incr_burst_converter File: C:/Users/petry/OneDrive/Documents/GitHub/frequency_meter_Nios_display/Nios_display_system/synthesis/submodules/altera_incr_burst_converter.sv Line: 28
Info (12021): Found 1 design units, including 1 entities, in source file nios_display_system/synthesis/submodules/altera_wrap_burst_converter.sv
    Info (12023): Found entity 1: altera_wrap_burst_converter File: C:/Users/petry/OneDrive/Documents/GitHub/frequency_meter_Nios_display/Nios_display_system/synthesis/submodules/altera_wrap_burst_converter.sv Line: 27
Info (12021): Found 1 design units, including 1 entities, in source file nios_display_system/synthesis/submodules/altera_default_burst_converter.sv
    Info (12023): Found entity 1: altera_default_burst_converter File: C:/Users/petry/OneDrive/Documents/GitHub/frequency_meter_Nios_display/Nios_display_system/synthesis/submodules/altera_default_burst_converter.sv Line: 30
Info (12021): Found 1 design units, including 1 entities, in source file nios_display_system/synthesis/submodules/altera_avalon_st_pipeline_stage.sv
    Info (12023): Found entity 1: altera_avalon_st_pipeline_stage File: C:/Users/petry/OneDrive/Documents/GitHub/frequency_meter_Nios_display/Nios_display_system/synthesis/submodules/altera_avalon_st_pipeline_stage.sv Line: 22
Info (12021): Found 1 design units, including 1 entities, in source file nios_display_system/synthesis/submodules/altera_avalon_st_pipeline_base.v
    Info (12023): Found entity 1: altera_avalon_st_pipeline_base File: C:/Users/petry/OneDrive/Documents/GitHub/frequency_meter_Nios_display/Nios_display_system/synthesis/submodules/altera_avalon_st_pipeline_base.v Line: 22
Info (12021): Found 1 design units, including 1 entities, in source file nios_display_system/synthesis/submodules/altera_merlin_traffic_limiter.sv
    Info (12023): Found entity 1: altera_merlin_traffic_limiter File: C:/Users/petry/OneDrive/Documents/GitHub/frequency_meter_Nios_display/Nios_display_system/synthesis/submodules/altera_merlin_traffic_limiter.sv Line: 49
Info (12021): Found 2 design units, including 2 entities, in source file nios_display_system/synthesis/submodules/altera_merlin_reorder_memory.sv
    Info (12023): Found entity 1: altera_merlin_reorder_memory File: C:/Users/petry/OneDrive/Documents/GitHub/frequency_meter_Nios_display/Nios_display_system/synthesis/submodules/altera_merlin_reorder_memory.sv Line: 28
    Info (12023): Found entity 2: memory_pointer_controller File: C:/Users/petry/OneDrive/Documents/GitHub/frequency_meter_Nios_display/Nios_display_system/synthesis/submodules/altera_merlin_reorder_memory.sv Line: 185
Info (12021): Found 1 design units, including 1 entities, in source file nios_display_system/synthesis/submodules/altera_avalon_sc_fifo.v
    Info (12023): Found entity 1: altera_avalon_sc_fifo File: C:/Users/petry/OneDrive/Documents/GitHub/frequency_meter_Nios_display/Nios_display_system/synthesis/submodules/altera_avalon_sc_fifo.v Line: 21
Info (12021): Found 2 design units, including 2 entities, in source file nios_display_system/synthesis/submodules/nios_display_system_mm_interconnect_0_router_006.sv
    Info (12023): Found entity 1: Nios_display_system_mm_interconnect_0_router_006_default_decode File: C:/Users/petry/OneDrive/Documents/GitHub/frequency_meter_Nios_display/Nios_display_system/synthesis/submodules/Nios_display_system_mm_interconnect_0_router_006.sv Line: 45
    Info (12023): Found entity 2: Nios_display_system_mm_interconnect_0_router_006 File: C:/Users/petry/OneDrive/Documents/GitHub/frequency_meter_Nios_display/Nios_display_system/synthesis/submodules/Nios_display_system_mm_interconnect_0_router_006.sv Line: 84
Info (12021): Found 2 design units, including 2 entities, in source file nios_display_system/synthesis/submodules/nios_display_system_mm_interconnect_0_router_003.sv
    Info (12023): Found entity 1: Nios_display_system_mm_interconnect_0_router_003_default_decode File: C:/Users/petry/OneDrive/Documents/GitHub/frequency_meter_Nios_display/Nios_display_system/synthesis/submodules/Nios_display_system_mm_interconnect_0_router_003.sv Line: 45
    Info (12023): Found entity 2: Nios_display_system_mm_interconnect_0_router_003 File: C:/Users/petry/OneDrive/Documents/GitHub/frequency_meter_Nios_display/Nios_display_system/synthesis/submodules/Nios_display_system_mm_interconnect_0_router_003.sv Line: 84
Info (12021): Found 2 design units, including 2 entities, in source file nios_display_system/synthesis/submodules/nios_display_system_mm_interconnect_0_router_002.sv
    Info (12023): Found entity 1: Nios_display_system_mm_interconnect_0_router_002_default_decode File: C:/Users/petry/OneDrive/Documents/GitHub/frequency_meter_Nios_display/Nios_display_system/synthesis/submodules/Nios_display_system_mm_interconnect_0_router_002.sv Line: 45
    Info (12023): Found entity 2: Nios_display_system_mm_interconnect_0_router_002 File: C:/Users/petry/OneDrive/Documents/GitHub/frequency_meter_Nios_display/Nios_display_system/synthesis/submodules/Nios_display_system_mm_interconnect_0_router_002.sv Line: 84
Info (12021): Found 2 design units, including 2 entities, in source file nios_display_system/synthesis/submodules/nios_display_system_mm_interconnect_0_router_001.sv
    Info (12023): Found entity 1: Nios_display_system_mm_interconnect_0_router_001_default_decode File: C:/Users/petry/OneDrive/Documents/GitHub/frequency_meter_Nios_display/Nios_display_system/synthesis/submodules/Nios_display_system_mm_interconnect_0_router_001.sv Line: 45
    Info (12023): Found entity 2: Nios_display_system_mm_interconnect_0_router_001 File: C:/Users/petry/OneDrive/Documents/GitHub/frequency_meter_Nios_display/Nios_display_system/synthesis/submodules/Nios_display_system_mm_interconnect_0_router_001.sv Line: 84
Info (12021): Found 2 design units, including 2 entities, in source file nios_display_system/synthesis/submodules/nios_display_system_mm_interconnect_0_router.sv
    Info (12023): Found entity 1: Nios_display_system_mm_interconnect_0_router_default_decode File: C:/Users/petry/OneDrive/Documents/GitHub/frequency_meter_Nios_display/Nios_display_system/synthesis/submodules/Nios_display_system_mm_interconnect_0_router.sv Line: 45
    Info (12023): Found entity 2: Nios_display_system_mm_interconnect_0_router File: C:/Users/petry/OneDrive/Documents/GitHub/frequency_meter_Nios_display/Nios_display_system/synthesis/submodules/Nios_display_system_mm_interconnect_0_router.sv Line: 84
Info (12021): Found 1 design units, including 1 entities, in source file nios_display_system/synthesis/submodules/altera_merlin_slave_agent.sv
    Info (12023): Found entity 1: altera_merlin_slave_agent File: C:/Users/petry/OneDrive/Documents/GitHub/frequency_meter_Nios_display/Nios_display_system/synthesis/submodules/altera_merlin_slave_agent.sv Line: 34
Info (12021): Found 1 design units, including 1 entities, in source file nios_display_system/synthesis/submodules/altera_merlin_master_agent.sv
    Info (12023): Found entity 1: altera_merlin_master_agent File: C:/Users/petry/OneDrive/Documents/GitHub/frequency_meter_Nios_display/Nios_display_system/synthesis/submodules/altera_merlin_master_agent.sv Line: 28
Info (12021): Found 1 design units, including 1 entities, in source file nios_display_system/synthesis/submodules/altera_merlin_slave_translator.sv
    Info (12023): Found entity 1: altera_merlin_slave_translator File: C:/Users/petry/OneDrive/Documents/GitHub/frequency_meter_Nios_display/Nios_display_system/synthesis/submodules/altera_merlin_slave_translator.sv Line: 35
Info (12021): Found 1 design units, including 1 entities, in source file nios_display_system/synthesis/submodules/altera_merlin_master_translator.sv
    Info (12023): Found entity 1: altera_merlin_master_translator File: C:/Users/petry/OneDrive/Documents/GitHub/frequency_meter_Nios_display/Nios_display_system/synthesis/submodules/altera_merlin_master_translator.sv Line: 32
Info (12021): Found 1 design units, including 1 entities, in source file nios_display_system/synthesis/submodules/nios_display_system_timer_0.v
    Info (12023): Found entity 1: Nios_display_system_timer_0 File: C:/Users/petry/OneDrive/Documents/GitHub/frequency_meter_Nios_display/Nios_display_system/synthesis/submodules/Nios_display_system_timer_0.v Line: 21
Info (12021): Found 1 design units, including 1 entities, in source file nios_display_system/synthesis/submodules/nios_display_system_sysid_qsys_0.v
    Info (12023): Found entity 1: Nios_display_system_sysid_qsys_0 File: C:/Users/petry/OneDrive/Documents/GitHub/frequency_meter_Nios_display/Nios_display_system/synthesis/submodules/Nios_display_system_sysid_qsys_0.v Line: 34
Info (12021): Found 1 design units, including 1 entities, in source file nios_display_system/synthesis/submodules/nios_display_system_sys_sdram_pll_0.v
    Info (12023): Found entity 1: Nios_display_system_sys_sdram_pll_0 File: C:/Users/petry/OneDrive/Documents/GitHub/frequency_meter_Nios_display/Nios_display_system/synthesis/submodules/Nios_display_system_sys_sdram_pll_0.v Line: 9
Info (12021): Found 1 design units, including 1 entities, in source file nios_display_system/synthesis/submodules/altera_up_avalon_reset_from_locked_signal.v
    Info (12023): Found entity 1: altera_up_avalon_reset_from_locked_signal File: C:/Users/petry/OneDrive/Documents/GitHub/frequency_meter_Nios_display/Nios_display_system/synthesis/submodules/altera_up_avalon_reset_from_locked_signal.v Line: 28
Info (12021): Found 1 design units, including 1 entities, in source file nios_display_system/synthesis/submodules/nios_display_system_sys_sdram_pll_0_sys_pll.v
    Info (12023): Found entity 1: Nios_display_system_sys_sdram_pll_0_sys_pll File: C:/Users/petry/OneDrive/Documents/GitHub/frequency_meter_Nios_display/Nios_display_system/synthesis/submodules/Nios_display_system_sys_sdram_pll_0_sys_pll.v Line: 2
Info (12021): Found 1 design units, including 1 entities, in source file nios_display_system/synthesis/submodules/nios_display_system_sw.v
    Info (12023): Found entity 1: Nios_display_system_sw File: C:/Users/petry/OneDrive/Documents/GitHub/frequency_meter_Nios_display/Nios_display_system/synthesis/submodules/Nios_display_system_sw.v Line: 21
Info (12021): Found 2 design units, including 2 entities, in source file nios_display_system/synthesis/submodules/nios_display_system_sdram.v
    Info (12023): Found entity 1: Nios_display_system_sdram_input_efifo_module File: C:/Users/petry/OneDrive/Documents/GitHub/frequency_meter_Nios_display/Nios_display_system/synthesis/submodules/Nios_display_system_sdram.v Line: 21
    Info (12023): Found entity 2: Nios_display_system_sdram File: C:/Users/petry/OneDrive/Documents/GitHub/frequency_meter_Nios_display/Nios_display_system/synthesis/submodules/Nios_display_system_sdram.v Line: 158
Info (12021): Found 1 design units, including 1 entities, in source file nios_display_system/synthesis/submodules/nios_display_system_onchip_memory2_0.v
    Info (12023): Found entity 1: Nios_display_system_onchip_memory2_0 File: C:/Users/petry/OneDrive/Documents/GitHub/frequency_meter_Nios_display/Nios_display_system/synthesis/submodules/Nios_display_system_onchip_memory2_0.v Line: 21
Info (12021): Found 1 design units, including 1 entities, in source file nios_display_system/synthesis/submodules/nios_display_system_nios2_gen2_0.v
    Info (12023): Found entity 1: Nios_display_system_nios2_gen2_0 File: C:/Users/petry/OneDrive/Documents/GitHub/frequency_meter_Nios_display/Nios_display_system/synthesis/submodules/Nios_display_system_nios2_gen2_0.v Line: 9
Info (12021): Found 27 design units, including 27 entities, in source file nios_display_system/synthesis/submodules/nios_display_system_nios2_gen2_0_cpu.v
    Info (12023): Found entity 1: Nios_display_system_nios2_gen2_0_cpu_ic_data_module File: C:/Users/petry/OneDrive/Documents/GitHub/frequency_meter_Nios_display/Nios_display_system/synthesis/submodules/Nios_display_system_nios2_gen2_0_cpu.v Line: 21
    Info (12023): Found entity 2: Nios_display_system_nios2_gen2_0_cpu_ic_tag_module File: C:/Users/petry/OneDrive/Documents/GitHub/frequency_meter_Nios_display/Nios_display_system/synthesis/submodules/Nios_display_system_nios2_gen2_0_cpu.v Line: 88
    Info (12023): Found entity 3: Nios_display_system_nios2_gen2_0_cpu_bht_module File: C:/Users/petry/OneDrive/Documents/GitHub/frequency_meter_Nios_display/Nios_display_system/synthesis/submodules/Nios_display_system_nios2_gen2_0_cpu.v Line: 156
    Info (12023): Found entity 4: Nios_display_system_nios2_gen2_0_cpu_register_bank_a_module File: C:/Users/petry/OneDrive/Documents/GitHub/frequency_meter_Nios_display/Nios_display_system/synthesis/submodules/Nios_display_system_nios2_gen2_0_cpu.v Line: 224
    Info (12023): Found entity 5: Nios_display_system_nios2_gen2_0_cpu_register_bank_b_module File: C:/Users/petry/OneDrive/Documents/GitHub/frequency_meter_Nios_display/Nios_display_system/synthesis/submodules/Nios_display_system_nios2_gen2_0_cpu.v Line: 289
    Info (12023): Found entity 6: Nios_display_system_nios2_gen2_0_cpu_dc_tag_module File: C:/Users/petry/OneDrive/Documents/GitHub/frequency_meter_Nios_display/Nios_display_system/synthesis/submodules/Nios_display_system_nios2_gen2_0_cpu.v Line: 354
    Info (12023): Found entity 7: Nios_display_system_nios2_gen2_0_cpu_dc_data_module File: C:/Users/petry/OneDrive/Documents/GitHub/frequency_meter_Nios_display/Nios_display_system/synthesis/submodules/Nios_display_system_nios2_gen2_0_cpu.v Line: 419
    Info (12023): Found entity 8: Nios_display_system_nios2_gen2_0_cpu_dc_victim_module File: C:/Users/petry/OneDrive/Documents/GitHub/frequency_meter_Nios_display/Nios_display_system/synthesis/submodules/Nios_display_system_nios2_gen2_0_cpu.v Line: 487
    Info (12023): Found entity 9: Nios_display_system_nios2_gen2_0_cpu_nios2_oci_debug File: C:/Users/petry/OneDrive/Documents/GitHub/frequency_meter_Nios_display/Nios_display_system/synthesis/submodules/Nios_display_system_nios2_gen2_0_cpu.v Line: 554
    Info (12023): Found entity 10: Nios_display_system_nios2_gen2_0_cpu_nios2_oci_break File: C:/Users/petry/OneDrive/Documents/GitHub/frequency_meter_Nios_display/Nios_display_system/synthesis/submodules/Nios_display_system_nios2_gen2_0_cpu.v Line: 699
    Info (12023): Found entity 11: Nios_display_system_nios2_gen2_0_cpu_nios2_oci_xbrk File: C:/Users/petry/OneDrive/Documents/GitHub/frequency_meter_Nios_display/Nios_display_system/synthesis/submodules/Nios_display_system_nios2_gen2_0_cpu.v Line: 991
    Info (12023): Found entity 12: Nios_display_system_nios2_gen2_0_cpu_nios2_oci_dbrk File: C:/Users/petry/OneDrive/Documents/GitHub/frequency_meter_Nios_display/Nios_display_system/synthesis/submodules/Nios_display_system_nios2_gen2_0_cpu.v Line: 1251
    Info (12023): Found entity 13: Nios_display_system_nios2_gen2_0_cpu_nios2_oci_itrace File: C:/Users/petry/OneDrive/Documents/GitHub/frequency_meter_Nios_display/Nios_display_system/synthesis/submodules/Nios_display_system_nios2_gen2_0_cpu.v Line: 1439
    Info (12023): Found entity 14: Nios_display_system_nios2_gen2_0_cpu_nios2_oci_td_mode File: C:/Users/petry/OneDrive/Documents/GitHub/frequency_meter_Nios_display/Nios_display_system/synthesis/submodules/Nios_display_system_nios2_gen2_0_cpu.v Line: 1623
    Info (12023): Found entity 15: Nios_display_system_nios2_gen2_0_cpu_nios2_oci_dtrace File: C:/Users/petry/OneDrive/Documents/GitHub/frequency_meter_Nios_display/Nios_display_system/synthesis/submodules/Nios_display_system_nios2_gen2_0_cpu.v Line: 1690
    Info (12023): Found entity 16: Nios_display_system_nios2_gen2_0_cpu_nios2_oci_compute_input_tm_cnt File: C:/Users/petry/OneDrive/Documents/GitHub/frequency_meter_Nios_display/Nios_display_system/synthesis/submodules/Nios_display_system_nios2_gen2_0_cpu.v Line: 1771
    Info (12023): Found entity 17: Nios_display_system_nios2_gen2_0_cpu_nios2_oci_fifo_wrptr_inc File: C:/Users/petry/OneDrive/Documents/GitHub/frequency_meter_Nios_display/Nios_display_system/synthesis/submodules/Nios_display_system_nios2_gen2_0_cpu.v Line: 1842
    Info (12023): Found entity 18: Nios_display_system_nios2_gen2_0_cpu_nios2_oci_fifo_cnt_inc File: C:/Users/petry/OneDrive/Documents/GitHub/frequency_meter_Nios_display/Nios_display_system/synthesis/submodules/Nios_display_system_nios2_gen2_0_cpu.v Line: 1884
    Info (12023): Found entity 19: Nios_display_system_nios2_gen2_0_cpu_nios2_oci_fifo File: C:/Users/petry/OneDrive/Documents/GitHub/frequency_meter_Nios_display/Nios_display_system/synthesis/submodules/Nios_display_system_nios2_gen2_0_cpu.v Line: 1930
    Info (12023): Found entity 20: Nios_display_system_nios2_gen2_0_cpu_nios2_oci_pib File: C:/Users/petry/OneDrive/Documents/GitHub/frequency_meter_Nios_display/Nios_display_system/synthesis/submodules/Nios_display_system_nios2_gen2_0_cpu.v Line: 2415
    Info (12023): Found entity 21: Nios_display_system_nios2_gen2_0_cpu_nios2_oci_im File: C:/Users/petry/OneDrive/Documents/GitHub/frequency_meter_Nios_display/Nios_display_system/synthesis/submodules/Nios_display_system_nios2_gen2_0_cpu.v Line: 2437
    Info (12023): Found entity 22: Nios_display_system_nios2_gen2_0_cpu_nios2_performance_monitors File: C:/Users/petry/OneDrive/Documents/GitHub/frequency_meter_Nios_display/Nios_display_system/synthesis/submodules/Nios_display_system_nios2_gen2_0_cpu.v Line: 2506
    Info (12023): Found entity 23: Nios_display_system_nios2_gen2_0_cpu_nios2_avalon_reg File: C:/Users/petry/OneDrive/Documents/GitHub/frequency_meter_Nios_display/Nios_display_system/synthesis/submodules/Nios_display_system_nios2_gen2_0_cpu.v Line: 2522
    Info (12023): Found entity 24: Nios_display_system_nios2_gen2_0_cpu_ociram_sp_ram_module File: C:/Users/petry/OneDrive/Documents/GitHub/frequency_meter_Nios_display/Nios_display_system/synthesis/submodules/Nios_display_system_nios2_gen2_0_cpu.v Line: 2614
    Info (12023): Found entity 25: Nios_display_system_nios2_gen2_0_cpu_nios2_ocimem File: C:/Users/petry/OneDrive/Documents/GitHub/frequency_meter_Nios_display/Nios_display_system/synthesis/submodules/Nios_display_system_nios2_gen2_0_cpu.v Line: 2678
    Info (12023): Found entity 26: Nios_display_system_nios2_gen2_0_cpu_nios2_oci File: C:/Users/petry/OneDrive/Documents/GitHub/frequency_meter_Nios_display/Nios_display_system/synthesis/submodules/Nios_display_system_nios2_gen2_0_cpu.v Line: 2858
    Info (12023): Found entity 27: Nios_display_system_nios2_gen2_0_cpu File: C:/Users/petry/OneDrive/Documents/GitHub/frequency_meter_Nios_display/Nios_display_system/synthesis/submodules/Nios_display_system_nios2_gen2_0_cpu.v Line: 3406
Info (12021): Found 1 design units, including 1 entities, in source file nios_display_system/synthesis/submodules/nios_display_system_nios2_gen2_0_cpu_debug_slave_sysclk.v
    Info (12023): Found entity 1: Nios_display_system_nios2_gen2_0_cpu_debug_slave_sysclk File: C:/Users/petry/OneDrive/Documents/GitHub/frequency_meter_Nios_display/Nios_display_system/synthesis/submodules/Nios_display_system_nios2_gen2_0_cpu_debug_slave_sysclk.v Line: 21
Info (12021): Found 1 design units, including 1 entities, in source file nios_display_system/synthesis/submodules/nios_display_system_nios2_gen2_0_cpu_debug_slave_tck.v
    Info (12023): Found entity 1: Nios_display_system_nios2_gen2_0_cpu_debug_slave_tck File: C:/Users/petry/OneDrive/Documents/GitHub/frequency_meter_Nios_display/Nios_display_system/synthesis/submodules/Nios_display_system_nios2_gen2_0_cpu_debug_slave_tck.v Line: 21
Info (12021): Found 1 design units, including 1 entities, in source file nios_display_system/synthesis/submodules/nios_display_system_nios2_gen2_0_cpu_debug_slave_wrapper.v
    Info (12023): Found entity 1: Nios_display_system_nios2_gen2_0_cpu_debug_slave_wrapper File: C:/Users/petry/OneDrive/Documents/GitHub/frequency_meter_Nios_display/Nios_display_system/synthesis/submodules/Nios_display_system_nios2_gen2_0_cpu_debug_slave_wrapper.v Line: 21
Info (12021): Found 1 design units, including 1 entities, in source file nios_display_system/synthesis/submodules/nios_display_system_nios2_gen2_0_cpu_mult_cell.v
    Info (12023): Found entity 1: Nios_display_system_nios2_gen2_0_cpu_mult_cell File: C:/Users/petry/OneDrive/Documents/GitHub/frequency_meter_Nios_display/Nios_display_system/synthesis/submodules/Nios_display_system_nios2_gen2_0_cpu_mult_cell.v Line: 21
Info (12021): Found 1 design units, including 1 entities, in source file nios_display_system/synthesis/submodules/nios_display_system_nios2_gen2_0_cpu_test_bench.v
    Info (12023): Found entity 1: Nios_display_system_nios2_gen2_0_cpu_test_bench File: C:/Users/petry/OneDrive/Documents/GitHub/frequency_meter_Nios_display/Nios_display_system/synthesis/submodules/Nios_display_system_nios2_gen2_0_cpu_test_bench.v Line: 21
Info (12021): Found 1 design units, including 1 entities, in source file nios_display_system/synthesis/submodules/nios_display_system_led.v
    Info (12023): Found entity 1: Nios_display_system_led File: C:/Users/petry/OneDrive/Documents/GitHub/frequency_meter_Nios_display/Nios_display_system/synthesis/submodules/Nios_display_system_led.v Line: 21
Info (12021): Found 1 design units, including 1 entities, in source file nios_display_system/synthesis/submodules/nios_display_system_lcd_e.v
    Info (12023): Found entity 1: Nios_display_system_lcd_e File: C:/Users/petry/OneDrive/Documents/GitHub/frequency_meter_Nios_display/Nios_display_system/synthesis/submodules/Nios_display_system_lcd_e.v Line: 21
Info (12021): Found 1 design units, including 1 entities, in source file nios_display_system/synthesis/submodules/nios_display_system_lcd_data.v
    Info (12023): Found entity 1: Nios_display_system_lcd_data File: C:/Users/petry/OneDrive/Documents/GitHub/frequency_meter_Nios_display/Nios_display_system/synthesis/submodules/Nios_display_system_lcd_data.v Line: 21
Info (12021): Found 1 design units, including 1 entities, in source file nios_display_system/synthesis/submodules/nios_display_system_key.v
    Info (12023): Found entity 1: Nios_display_system_key File: C:/Users/petry/OneDrive/Documents/GitHub/frequency_meter_Nios_display/Nios_display_system/synthesis/submodules/Nios_display_system_key.v Line: 21
Info (12021): Found 5 design units, including 5 entities, in source file nios_display_system/synthesis/submodules/nios_display_system_jtag_uart_0.v
    Info (12023): Found entity 1: Nios_display_system_jtag_uart_0_sim_scfifo_w File: C:/Users/petry/OneDrive/Documents/GitHub/frequency_meter_Nios_display/Nios_display_system/synthesis/submodules/Nios_display_system_jtag_uart_0.v Line: 21
    Info (12023): Found entity 2: Nios_display_system_jtag_uart_0_scfifo_w File: C:/Users/petry/OneDrive/Documents/GitHub/frequency_meter_Nios_display/Nios_display_system/synthesis/submodules/Nios_display_system_jtag_uart_0.v Line: 77
    Info (12023): Found entity 3: Nios_display_system_jtag_uart_0_sim_scfifo_r File: C:/Users/petry/OneDrive/Documents/GitHub/frequency_meter_Nios_display/Nios_display_system/synthesis/submodules/Nios_display_system_jtag_uart_0.v Line: 162
    Info (12023): Found entity 4: Nios_display_system_jtag_uart_0_scfifo_r File: C:/Users/petry/OneDrive/Documents/GitHub/frequency_meter_Nios_display/Nios_display_system/synthesis/submodules/Nios_display_system_jtag_uart_0.v Line: 240
    Info (12023): Found entity 5: Nios_display_system_jtag_uart_0 File: C:/Users/petry/OneDrive/Documents/GitHub/frequency_meter_Nios_display/Nios_display_system/synthesis/submodules/Nios_display_system_jtag_uart_0.v Line: 327
Info (12021): Found 1 design units, including 1 entities, in source file nios_display_system/synthesis/submodules/nios_display_system_freq_en.v
    Info (12023): Found entity 1: Nios_display_system_freq_en File: C:/Users/petry/OneDrive/Documents/GitHub/frequency_meter_Nios_display/Nios_display_system/synthesis/submodules/Nios_display_system_freq_en.v Line: 21
Info (12021): Found 1 design units, including 1 entities, in source file nios_display_system/synthesis/submodules/nios_display_system_freq.v
    Info (12023): Found entity 1: Nios_display_system_freq File: C:/Users/petry/OneDrive/Documents/GitHub/frequency_meter_Nios_display/Nios_display_system/synthesis/submodules/Nios_display_system_freq.v Line: 21
Error (10170): Verilog HDL syntax error at frequency_meter_Nios_display.v(71) near text: "}";  expecting "]". Check for and fix any syntax errors that appear immediately before or at the specified keyword. The Altera Knowledge Database contains many articles with specific details on how to resolve this error. Visit the Knowledge Database at https://www.altera.com/support/support-resources/knowledge-base/search.html and search for this specific error message number. File: C:/Users/petry/OneDrive/Documents/GitHub/frequency_meter_Nios_display/frequency_meter_Nios_display.v Line: 71
Error (10170): Verilog HDL syntax error at frequency_meter_Nios_display.v(71) near text: "}";  expecting ")". Check for and fix any syntax errors that appear immediately before or at the specified keyword. The Altera Knowledge Database contains many articles with specific details on how to resolve this error. Visit the Knowledge Database at https://www.altera.com/support/support-resources/knowledge-base/search.html and search for this specific error message number. File: C:/Users/petry/OneDrive/Documents/GitHub/frequency_meter_Nios_display/frequency_meter_Nios_display.v Line: 71
Error (10112): Ignored design unit "frequency_meter_Nios_display" at frequency_meter_Nios_display.v(6) due to previous errors File: C:/Users/petry/OneDrive/Documents/GitHub/frequency_meter_Nios_display/frequency_meter_Nios_display.v Line: 6
Info (12021): Found 0 design units, including 0 entities, in source file frequency_meter_nios_display.v
Info (12021): Found 1 design units, including 1 entities, in source file pll_base.v
    Info (12023): Found entity 1: PLL_base File: C:/Users/petry/OneDrive/Documents/GitHub/frequency_meter_Nios_display/PLL_base.v Line: 8
Info (12021): Found 1 design units, including 1 entities, in source file pll_base/pll_base_0002.v
    Info (12023): Found entity 1: PLL_base_0002 File: C:/Users/petry/OneDrive/Documents/GitHub/frequency_meter_Nios_display/PLL_base/PLL_base_0002.v Line: 2
Info (144001): Generated suppressed messages file C:/Users/petry/OneDrive/Documents/GitHub/frequency_meter_Nios_display/frequency_meter_Nios_display.map.smsg
Error: Quartus Prime Analysis & Synthesis was unsuccessful. 3 errors, 1 warning
    Error: Peak virtual memory: 5015 megabytes
    Error: Processing ended: Wed Sep 09 20:02:12 2020
    Error: Elapsed time: 00:00:19
    Error: Total CPU time (on all processors): 00:00:37


+------------------------------------------+
; Analysis & Synthesis Suppressed Messages ;
+------------------------------------------+
The suppressed messages can be found in C:/Users/petry/OneDrive/Documents/GitHub/frequency_meter_Nios_display/frequency_meter_Nios_display.map.smsg.


