Flow report for frequency_meter_Nios_display
Sat Aug 29 16:30:22 2020
Quartus Prime Version 16.0.0 Build 211 04/27/2016 SJ Standard Edition


---------------------
; Table of Contents ;
---------------------
  1. Legal Notice
  2. Flow Summary
  3. Flow Settings
  4. Flow Non-Default Global Settings
  5. Flow Elapsed Time
  6. Flow OS Summary
  7. Flow Log
  8. Flow Messages
  9. Flow Suppressed Messages



----------------
; Legal Notice ;
----------------
Copyright (C) 1991-2016 Altera Corporation. All rights reserved.
Your use of Altera Corporation's design tools, logic functions 
and other software and tools, and its AMPP partner logic 
functions, and any output files from any of the foregoing 
(including device programming or simulation files), and any 
associated documentation or information are expressly subject 
to the terms and conditions of the Altera Program License 
Subscription Agreement, the Altera Quartus Prime License Agreement,
the Altera MegaCore Function License Agreement, or other 
applicable license agreement, including, without limitation, 
that your use is for the sole purpose of programming logic 
devices manufactured by Altera and sold by Altera or its 
authorized distributors.  Please refer to the applicable 
agreement for further details.



+-----------------------------------------------------------------------------------+
; Flow Summary                                                                      ;
+---------------------------------+-------------------------------------------------+
; Flow Status                     ; Successful - Sat Aug 29 16:29:39 2020           ;
; Quartus Prime Version           ; 16.0.0 Build 211 04/27/2016 SJ Standard Edition ;
; Revision Name                   ; frequency_meter_Nios_display                    ;
; Top-level Entity Name           ; frequency_meter_Nios_display                    ;
; Family                          ; Cyclone V                                       ;
; Device                          ; 5CSEMA5F31C6                                    ;
; Timing Models                   ; Final                                           ;
; Logic utilization (in ALMs)     ; 1,889 / 32,070 ( 6 % )                          ;
; Total registers                 ; 2742                                            ;
; Total pins                      ; 181 / 457 ( 40 % )                              ;
; Total virtual pins              ; 0                                               ;
; Total block memory bits         ; 2,865,024 / 4,065,280 ( 70 % )                  ;
; Total DSP Blocks                ; 3 / 87 ( 3 % )                                  ;
; Total HSSI RX PCSs              ; 0                                               ;
; Total HSSI PMA RX Deserializers ; 0                                               ;
; Total HSSI TX PCSs              ; 0                                               ;
; Total HSSI PMA TX Serializers   ; 0                                               ;
; Total PLLs                      ; 1 / 6 ( 17 % )                                  ;
; Total DLLs                      ; 0 / 4 ( 0 % )                                   ;
+---------------------------------+-------------------------------------------------+


+--------------------------------------------------+
; Flow Settings                                    ;
+-------------------+------------------------------+
; Option            ; Setting                      ;
+-------------------+------------------------------+
; Start date & time ; 08/29/2020 16:23:20          ;
; Main task         ; Compilation                  ;
; Revision Name     ; frequency_meter_Nios_display ;
+-------------------+------------------------------+


+----------------------------------------------------------------------------------------------------------------------------------------------------------------+
; Flow Non-Default Global Settings                                                                                                                               ;
+-------------------------------------+-----------------------------------------------------------------------+---------------+---------------------+------------+
; Assignment Name                     ; Value                                                                 ; Default Value ; Entity Name         ; Section Id ;
+-------------------------------------+-----------------------------------------------------------------------+---------------+---------------------+------------+
; COMPILER_SIGNATURE_ID               ; 44883549519213.159870739907152                                        ; --            ; --                  ; --         ;
; MAX_CORE_JUNCTION_TEMP              ; 85                                                                    ; --            ; --                  ; --         ;
; MIN_CORE_JUNCTION_TEMP              ; 0                                                                     ; --            ; --                  ; --         ;
; MISC_FILE                           ; Nios_display_system/synthesis/../Nios_display_system.cmp              ; --            ; --                  ; --         ;
; MISC_FILE                           ; Nios_display_system/synthesis/../../Nios_display_system.qsys          ; --            ; --                  ; --         ;
; PARTITION_COLOR                     ; 16764057                                                              ; --            ; --                  ; Top        ;
; PARTITION_FITTER_PRESERVATION_LEVEL ; PLACEMENT_AND_ROUTING                                                 ; --            ; --                  ; Top        ;
; PARTITION_NETLIST_TYPE              ; SOURCE                                                                ; --            ; --                  ; Top        ;
; POWER_BOARD_THERMAL_MODEL           ; None (CONSERVATIVE)                                                   ; --            ; --                  ; --         ;
; POWER_PRESET_COOLING_SOLUTION       ; 23 MM HEAT SINK WITH 200 LFPM AIRFLOW                                 ; --            ; --                  ; --         ;
; SLD_FILE                            ; Nios_display_system/synthesis/Nios_display_system.regmap              ; --            ; --                  ; --         ;
; SLD_FILE                            ; Nios_display_system/synthesis/Nios_display_system.debuginfo           ; --            ; --                  ; --         ;
; SLD_INFO                            ; QSYS_NAME Nios_display_system HAS_SOPCINFO 1 GENERATION_ID 1598707242 ; --            ; Nios_display_system ; --         ;
; SOPCINFO_FILE                       ; Nios_display_system/synthesis/../../Nios_display_system.sopcinfo      ; --            ; --                  ; --         ;
; SYNTHESIS_ONLY_QIP                  ; On                                                                    ; --            ; --                  ; --         ;
+-------------------------------------+-----------------------------------------------------------------------+---------------+---------------------+------------+


+-------------------------------------------------------------------------------------------------------------------------------+
; Flow Elapsed Time                                                                                                             ;
+---------------------------+--------------+-------------------------+---------------------+------------------------------------+
; Module Name               ; Elapsed Time ; Average Processors Used ; Peak Virtual Memory ; Total CPU Time (on all processors) ;
+---------------------------+--------------+-------------------------+---------------------+------------------------------------+
; Analysis & Synthesis      ; 00:01:33     ; 1.0                     ; 5303 MB             ; 00:01:58                           ;
; Fitter                    ; 00:04:12     ; 1.1                     ; 6879 MB             ; 00:07:01                           ;
; Assembler                 ; 00:00:21     ; 1.0                     ; 5121 MB             ; 00:00:17                           ;
; TimeQuest Timing Analyzer ; 00:00:41     ; 1.5                     ; 5636 MB             ; 00:00:55                           ;
; Total                     ; 00:06:47     ; --                      ; --                  ; 00:10:11                           ;
+---------------------------+--------------+-------------------------+---------------------+------------------------------------+


+----------------------------------------------------------------------------------------+
; Flow OS Summary                                                                        ;
+---------------------------+------------------+-----------+------------+----------------+
; Module Name               ; Machine Hostname ; OS Name   ; OS Version ; Processor type ;
+---------------------------+------------------+-----------+------------+----------------+
; Analysis & Synthesis      ; DESKTOP-L78EGBR  ; Windows 8 ; 6.2        ; x86_64         ;
; Fitter                    ; DESKTOP-L78EGBR  ; Windows 8 ; 6.2        ; x86_64         ;
; Assembler                 ; DESKTOP-L78EGBR  ; Windows 8 ; 6.2        ; x86_64         ;
; TimeQuest Timing Analyzer ; DESKTOP-L78EGBR  ; Windows 8 ; 6.2        ; x86_64         ;
+---------------------------+------------------+-----------+------------+----------------+


------------
; Flow Log ;
------------
quartus_map --read_settings_files=on --write_settings_files=off frequency_meter_Nios_display -c frequency_meter_Nios_display
quartus_fit --read_settings_files=off --write_settings_files=off frequency_meter_Nios_display -c frequency_meter_Nios_display
quartus_asm --read_settings_files=off --write_settings_files=off frequency_meter_Nios_display -c frequency_meter_Nios_display
quartus_sta frequency_meter_Nios_display -c frequency_meter_Nios_display



