Flow report for frequency_meter_Nios_display
Sun Sep 27 00:11:15 2020
Quartus Prime Version 16.0.0 Build 211 04/27/2016 SJ Standard Edition


---------------------
; Table of Contents ;
---------------------
  1. Legal Notice
  2. Flow Summary
  3. Flow Settings
  4. Flow Non-Default Global Settings
  5. Flow Elapsed Time
  6. Flow OS Summary
  7. Flow Log
  8. Flow Messages
  9. Flow Suppressed Messages



----------------
; Legal Notice ;
----------------
Copyright (C) 1991-2016 Altera Corporation. All rights reserved.
Your use of Altera Corporation's design tools, logic functions 
and other software and tools, and its AMPP partner logic 
functions, and any output files from any of the foregoing 
(including device programming or simulation files), and any 
associated documentation or information are expressly subject 
to the terms and conditions of the Altera Program License 
Subscription Agreement, the Altera Quartus Prime License Agreement,
the Altera MegaCore Function License Agreement, or other 
applicable license agreement, including, without limitation, 
that your use is for the sole purpose of programming logic 
devices manufactured by Altera and sold by Altera or its 
authorized distributors.  Please refer to the applicable 
agreement for further details.



+-----------------------------------------------------------------------------------+
; Flow Summary                                                                      ;
+---------------------------------+-------------------------------------------------+
; Flow Status                     ; Successful - Sun Sep 27 00:10:39 2020           ;
; Quartus Prime Version           ; 16.0.0 Build 211 04/27/2016 SJ Standard Edition ;
; Revision Name                   ; frequency_meter_Nios_display                    ;
; Top-level Entity Name           ; frequency_meter_Nios_display                    ;
; Family                          ; Cyclone V                                       ;
; Device                          ; 5CSEMA5F31C6                                    ;
; Timing Models                   ; Final                                           ;
; Logic utilization (in ALMs)     ; 779 / 32,070 ( 2 % )                            ;
; Total registers                 ; 2327                                            ;
; Total pins                      ; 151 / 457 ( 33 % )                              ;
; Total virtual pins              ; 0                                               ;
; Total block memory bits         ; 8,192 / 4,065,280 ( < 1 % )                     ;
; Total DSP Blocks                ; 0 / 87 ( 0 % )                                  ;
; Total HSSI RX PCSs              ; 0                                               ;
; Total HSSI PMA RX Deserializers ; 0                                               ;
; Total HSSI TX PCSs              ; 0                                               ;
; Total HSSI PMA TX Serializers   ; 0                                               ;
; Total PLLs                      ; 2 / 6 ( 33 % )                                  ;
; Total DLLs                      ; 0 / 4 ( 0 % )                                   ;
+---------------------------------+-------------------------------------------------+


+--------------------------------------------------+
; Flow Settings                                    ;
+-------------------+------------------------------+
; Option            ; Setting                      ;
+-------------------+------------------------------+
; Start date & time ; 09/27/2020 00:07:01          ;
; Main task         ; Compilation                  ;
; Revision Name     ; frequency_meter_Nios_display ;
+-------------------+------------------------------+


+----------------------------------------------------------------------------------------------------------------------------------------------------------------------------------------------------------------------------------------------------------------------------------------------------------------------------------------------------------------------------------------------------------------------------------------------------------------------------------------------------------------------------------------+
; Flow Non-Default Global Settings                                                                                                                                                                                                                                                                                                                                                                                                                                                                                                       ;
+-------------------------------------+-----------------------------------------------------------------------------------------------------------------------------------------------------------------------------------------------------------------------------------------------------------------------------------------------------------------------------------------------------------------------------------------------------------------------------------------+---------------+---------------------+------------------+
; Assignment Name                     ; Value                                                                                                                                                                                                                                                                                                                                                                                                                                   ; Default Value ; Entity Name         ; Section Id       ;
+-------------------------------------+-----------------------------------------------------------------------------------------------------------------------------------------------------------------------------------------------------------------------------------------------------------------------------------------------------------------------------------------------------------------------------------------------------------------------------------------+---------------+---------------------+------------------+
; COMPILER_SIGNATURE_ID               ; 44883549519213.160115442015256                                                                                                                                                                                                                                                                                                                                                                                                          ; --            ; --                  ; --               ;
; ENABLE_SIGNALTAP                    ; On                                                                                                                                                                                                                                                                                                                                                                                                                                      ; --            ; --                  ; --               ;
; MAX_CORE_JUNCTION_TEMP              ; 85                                                                                                                                                                                                                                                                                                                                                                                                                                      ; --            ; --                  ; --               ;
; MIN_CORE_JUNCTION_TEMP              ; 0                                                                                                                                                                                                                                                                                                                                                                                                                                       ; --            ; --                  ; --               ;
; MISC_FILE                           ; Counter_4_bb.v                                                                                                                                                                                                                                                                                                                                                                                                                          ; --            ; --                  ; --               ;
; MISC_FILE                           ; freq_m_module/Counter_bb.v                                                                                                                                                                                                                                                                                                                                                                                                              ; --            ; --                  ; --               ;
; MISC_FILE                           ; Nios_display_system/synthesis/../Nios_display_system.cmp                                                                                                                                                                                                                                                                                                                                                                                ; --            ; --                  ; --               ;
; MISC_FILE                           ; Nios_display_system/synthesis/../../Nios_display_system.qsys                                                                                                                                                                                                                                                                                                                                                                            ; --            ; --                  ; --               ;
; MISC_FILE                           ; PLL_base.cmp                                                                                                                                                                                                                                                                                                                                                                                                                            ; --            ; --                  ; --               ;
; MISC_FILE                           ; PLL_base_sim/PLL_base.vo                                                                                                                                                                                                                                                                                                                                                                                                                ; --            ; --                  ; --               ;
; MISC_FILE                           ; PLL_temp.cmp                                                                                                                                                                                                                                                                                                                                                                                                                            ; --            ; --                  ; --               ;
; MISC_FILE                           ; PLL_temp_sim/PLL_temp.vo                                                                                                                                                                                                                                                                                                                                                                                                                ; --            ; --                  ; --               ;
; PARTITION_COLOR                     ; 16764057                                                                                                                                                                                                                                                                                                                                                                                                                                ; --            ; --                  ; Top              ;
; PARTITION_FITTER_PRESERVATION_LEVEL ; PLACEMENT_AND_ROUTING                                                                                                                                                                                                                                                                                                                                                                                                                   ; --            ; --                  ; Top              ;
; PARTITION_NETLIST_TYPE              ; SOURCE                                                                                                                                                                                                                                                                                                                                                                                                                                  ; --            ; --                  ; Top              ;
; POWER_BOARD_THERMAL_MODEL           ; None (CONSERVATIVE)                                                                                                                                                                                                                                                                                                                                                                                                                     ; --            ; --                  ; --               ;
; POWER_PRESET_COOLING_SOLUTION       ; 23 MM HEAT SINK WITH 200 LFPM AIRFLOW                                                                                                                                                                                                                                                                                                                                                                                                   ; --            ; --                  ; --               ;
; SLD_FILE                            ; Nios_display_system/synthesis/Nios_display_system.regmap                                                                                                                                                                                                                                                                                                                                                                                ; --            ; --                  ; --               ;
; SLD_FILE                            ; Nios_display_system/synthesis/Nios_display_system.debuginfo                                                                                                                                                                                                                                                                                                                                                                             ; --            ; --                  ; --               ;
; SLD_FILE                            ; db/stp1_auto_stripped.stp                                                                                                                                                                                                                                                                                                                                                                                                               ; --            ; --                  ; --               ;
; SLD_INFO                            ; QSYS_NAME Nios_display_system HAS_SOPCINFO 1 GENERATION_ID 1598707242                                                                                                                                                                                                                                                                                                                                                                   ; --            ; Nios_display_system ; --               ;
; SLD_NODE_CREATOR_ID                 ; 110                                                                                                                                                                                                                                                                                                                                                                                                                                     ; --            ; --                  ; auto_signaltap_0 ;
; SLD_NODE_ENTITY_NAME                ; sld_signaltap                                                                                                                                                                                                                                                                                                                                                                                                                           ; --            ; --                  ; auto_signaltap_0 ;
; SLD_NODE_PARAMETER_ASSIGNMENT       ; SLD_RAM_BLOCK_TYPE=AUTO                                                                                                                                                                                                                                                                                                                                                                                                                 ; --            ; --                  ; auto_signaltap_0 ;
; SLD_NODE_PARAMETER_ASSIGNMENT       ; SLD_NODE_INFO=805334528                                                                                                                                                                                                                                                                                                                                                                                                                 ; --            ; --                  ; auto_signaltap_0 ;
; SLD_NODE_PARAMETER_ASSIGNMENT       ; SLD_POWER_UP_TRIGGER=0                                                                                                                                                                                                                                                                                                                                                                                                                  ; --            ; --                  ; auto_signaltap_0 ;
; SLD_NODE_PARAMETER_ASSIGNMENT       ; SLD_STORAGE_QUALIFIER_INVERSION_MASK_LENGTH=0                                                                                                                                                                                                                                                                                                                                                                                           ; --            ; --                  ; auto_signaltap_0 ;
; SLD_NODE_PARAMETER_ASSIGNMENT       ; SLD_SEGMENT_SIZE=64                                                                                                                                                                                                                                                                                                                                                                                                                     ; --            ; --                  ; auto_signaltap_0 ;
; SLD_NODE_PARAMETER_ASSIGNMENT       ; SLD_ATTRIBUTE_MEM_MODE=OFF                                                                                                                                                                                                                                                                                                                                                                                                              ; --            ; --                  ; auto_signaltap_0 ;
; SLD_NODE_PARAMETER_ASSIGNMENT       ; SLD_STATE_FLOW_USE_GENERATED=0                                                                                                                                                                                                                                                                                                                                                                                                          ; --            ; --                  ; auto_signaltap_0 ;
; SLD_NODE_PARAMETER_ASSIGNMENT       ; SLD_STATE_BITS=11                                                                                                                                                                                                                                                                                                                                                                                                                       ; --            ; --                  ; auto_signaltap_0 ;
; SLD_NODE_PARAMETER_ASSIGNMENT       ; SLD_BUFFER_FULL_STOP=1                                                                                                                                                                                                                                                                                                                                                                                                                  ; --            ; --                  ; auto_signaltap_0 ;
; SLD_NODE_PARAMETER_ASSIGNMENT       ; SLD_CURRENT_RESOURCE_WIDTH=1                                                                                                                                                                                                                                                                                                                                                                                                            ; --            ; --                  ; auto_signaltap_0 ;
; SLD_NODE_PARAMETER_ASSIGNMENT       ; SLD_INCREMENTAL_ROUTING=1                                                                                                                                                                                                                                                                                                                                                                                                               ; --            ; --                  ; auto_signaltap_0 ;
; SLD_NODE_PARAMETER_ASSIGNMENT       ; SLD_TRIGGER_LEVEL=1                                                                                                                                                                                                                                                                                                                                                                                                                     ; --            ; --                  ; auto_signaltap_0 ;
; SLD_NODE_PARAMETER_ASSIGNMENT       ; SLD_SAMPLE_DEPTH=64                                                                                                                                                                                                                                                                                                                                                                                                                     ; --            ; --                  ; auto_signaltap_0 ;
; SLD_NODE_PARAMETER_ASSIGNMENT       ; SLD_TRIGGER_PIPELINE=0                                                                                                                                                                                                                                                                                                                                                                                                                  ; --            ; --                  ; auto_signaltap_0 ;
; SLD_NODE_PARAMETER_ASSIGNMENT       ; SLD_RAM_PIPELINE=2                                                                                                                                                                                                                                                                                                                                                                                                                      ; --            ; --                  ; auto_signaltap_0 ;
; SLD_NODE_PARAMETER_ASSIGNMENT       ; SLD_COUNTER_PIPELINE=0                                                                                                                                                                                                                                                                                                                                                                                                                  ; --            ; --                  ; auto_signaltap_0 ;
; SLD_NODE_PARAMETER_ASSIGNMENT       ; SLD_ADVANCED_TRIGGER_ENTITY=basic,1,                                                                                                                                                                                                                                                                                                                                                                                                    ; --            ; --                  ; auto_signaltap_0 ;
; SLD_NODE_PARAMETER_ASSIGNMENT       ; SLD_TRIGGER_LEVEL_PIPELINE=1                                                                                                                                                                                                                                                                                                                                                                                                            ; --            ; --                  ; auto_signaltap_0 ;
; SLD_NODE_PARAMETER_ASSIGNMENT       ; SLD_ENABLE_ADVANCED_TRIGGER=0                                                                                                                                                                                                                                                                                                                                                                                                           ; --            ; --                  ; auto_signaltap_0 ;
; SLD_NODE_PARAMETER_ASSIGNMENT       ; SLD_TRIGGER_IN_ENABLED=1                                                                                                                                                                                                                                                                                                                                                                                                                ; --            ; --                  ; auto_signaltap_0 ;
; SLD_NODE_PARAMETER_ASSIGNMENT       ; SLD_DATA_BITS=128                                                                                                                                                                                                                                                                                                                                                                                                                       ; --            ; --                  ; auto_signaltap_0 ;
; SLD_NODE_PARAMETER_ASSIGNMENT       ; SLD_TRIGGER_BITS=128                                                                                                                                                                                                                                                                                                                                                                                                                    ; --            ; --                  ; auto_signaltap_0 ;
; SLD_NODE_PARAMETER_ASSIGNMENT       ; SLD_STORAGE_QUALIFIER_BITS=128                                                                                                                                                                                                                                                                                                                                                                                                          ; --            ; --                  ; auto_signaltap_0 ;
; SLD_NODE_PARAMETER_ASSIGNMENT       ; SLD_INVERSION_MASK=00000000000000000000000000000000000000000000000000000000000000000000000000000000000000000000000000000000000000000000000000000000000000000000000000000000000000000000000000000000000000000000000000000000000000000000000000000000000000000000000000000000000000000000000000000000000000000000000000000000000000000000000000000000000000000000000000000000000000000000000000000000000000000000000000000000000000000000 ; --            ; --                  ; auto_signaltap_0 ;
; SLD_NODE_PARAMETER_ASSIGNMENT       ; SLD_INVERSION_MASK_LENGTH=404                                                                                                                                                                                                                                                                                                                                                                                                           ; --            ; --                  ; auto_signaltap_0 ;
; SOPCINFO_FILE                       ; Nios_display_system/synthesis/../../Nios_display_system.sopcinfo                                                                                                                                                                                                                                                                                                                                                                        ; --            ; --                  ; --               ;
; SPD_FILE                            ; PLL_base.spd                                                                                                                                                                                                                                                                                                                                                                                                                            ; --            ; --                  ; --               ;
; SPD_FILE                            ; PLL_temp.spd                                                                                                                                                                                                                                                                                                                                                                                                                            ; --            ; --                  ; --               ;
; SYNTHESIS_ONLY_QIP                  ; On                                                                                                                                                                                                                                                                                                                                                                                                                                      ; --            ; --                  ; --               ;
; SYNTHESIS_ONLY_QIP                  ; On                                                                                                                                                                                                                                                                                                                                                                                                                                      ; --            ; --                  ; --               ;
; SYNTHESIS_ONLY_QIP                  ; On                                                                                                                                                                                                                                                                                                                                                                                                                                      ; --            ; --                  ; --               ;
; USE_SIGNALTAP_FILE                  ; stp1.stp                                                                                                                                                                                                                                                                                                                                                                                                                                ; --            ; --                  ; --               ;
+-------------------------------------+-----------------------------------------------------------------------------------------------------------------------------------------------------------------------------------------------------------------------------------------------------------------------------------------------------------------------------------------------------------------------------------------------------------------------------------------+---------------+---------------------+------------------+


+-------------------------------------------------------------------------------------------------------------------------------+
; Flow Elapsed Time                                                                                                             ;
+---------------------------+--------------+-------------------------+---------------------+------------------------------------+
; Module Name               ; Elapsed Time ; Average Processors Used ; Peak Virtual Memory ; Total CPU Time (on all processors) ;
+---------------------------+--------------+-------------------------+---------------------+------------------------------------+
; Analysis & Synthesis      ; 00:00:51     ; 1.0                     ; 5163 MB             ; 00:01:26                           ;
; Fitter                    ; 00:02:26     ; 1.1                     ; 6530 MB             ; 00:04:04                           ;
; Assembler                 ; 00:00:13     ; 1.0                     ; 5050 MB             ; 00:00:12                           ;
; TimeQuest Timing Analyzer ; 00:00:35     ; 1.1                     ; 5429 MB             ; 00:00:38                           ;
; Total                     ; 00:04:05     ; --                      ; --                  ; 00:06:20                           ;
+---------------------------+--------------+-------------------------+---------------------+------------------------------------+


+----------------------------------------------------------------------------------------+
; Flow OS Summary                                                                        ;
+---------------------------+------------------+-----------+------------+----------------+
; Module Name               ; Machine Hostname ; OS Name   ; OS Version ; Processor type ;
+---------------------------+------------------+-----------+------------+----------------+
; Analysis & Synthesis      ; DESKTOP-L78EGBR  ; Windows 8 ; 6.2        ; x86_64         ;
; Fitter                    ; DESKTOP-L78EGBR  ; Windows 8 ; 6.2        ; x86_64         ;
; Assembler                 ; DESKTOP-L78EGBR  ; Windows 8 ; 6.2        ; x86_64         ;
; TimeQuest Timing Analyzer ; DESKTOP-L78EGBR  ; Windows 8 ; 6.2        ; x86_64         ;
+---------------------------+------------------+-----------+------------+----------------+


------------
; Flow Log ;
------------
quartus_map --read_settings_files=on --write_settings_files=off frequency_meter_Nios_display -c frequency_meter_Nios_display
quartus_fit --read_settings_files=off --write_settings_files=off frequency_meter_Nios_display -c frequency_meter_Nios_display
quartus_asm --read_settings_files=off --write_settings_files=off frequency_meter_Nios_display -c frequency_meter_Nios_display
quartus_sta frequency_meter_Nios_display -c frequency_meter_Nios_display



