Flow report for frequency_meter_Nios_display
Sun Nov 08 13:54:16 2020
Quartus Prime Version 16.0.0 Build 211 04/27/2016 SJ Standard Edition


---------------------
; Table of Contents ;
---------------------
  1. Legal Notice
  2. Flow Summary
  3. Flow Settings
  4. Flow Non-Default Global Settings
  5. Flow Elapsed Time
  6. Flow OS Summary
  7. Flow Log
  8. Flow Messages
  9. Flow Suppressed Messages



----------------
; Legal Notice ;
----------------
Copyright (C) 1991-2016 Altera Corporation. All rights reserved.
Your use of Altera Corporation's design tools, logic functions 
and other software and tools, and its AMPP partner logic 
functions, and any output files from any of the foregoing 
(including device programming or simulation files), and any 
associated documentation or information are expressly subject 
to the terms and conditions of the Altera Program License 
Subscription Agreement, the Altera Quartus Prime License Agreement,
the Altera MegaCore Function License Agreement, or other 
applicable license agreement, including, without limitation, 
that your use is for the sole purpose of programming logic 
devices manufactured by Altera and sold by Altera or its 
authorized distributors.  Please refer to the applicable 
agreement for further details.



+-----------------------------------------------------------------------------------+
; Flow Summary                                                                      ;
+---------------------------------+-------------------------------------------------+
; Flow Status                     ; Successful - Sun Nov 08 13:53:46 2020           ;
; Quartus Prime Version           ; 16.0.0 Build 211 04/27/2016 SJ Standard Edition ;
; Revision Name                   ; frequency_meter_Nios_display                    ;
; Top-level Entity Name           ; frequency_meter_Nios_display                    ;
; Family                          ; Cyclone V                                       ;
; Device                          ; 5CSEMA4U23C6                                    ;
; Timing Models                   ; Final                                           ;
; Logic utilization (in ALMs)     ; 1,979 / 15,880 ( 12 % )                         ;
; Total registers                 ; 3403                                            ;
; Total pins                      ; 55 / 314 ( 18 % )                               ;
; Total virtual pins              ; 0                                               ;
; Total block memory bits         ; 1,672,640 / 2,764,800 ( 60 % )                  ;
; Total DSP Blocks                ; 3 / 84 ( 4 % )                                  ;
; Total HSSI RX PCSs              ; 0                                               ;
; Total HSSI PMA RX Deserializers ; 0                                               ;
; Total HSSI TX PCSs              ; 0                                               ;
; Total HSSI PMA TX Serializers   ; 0                                               ;
; Total PLLs                      ; 1 / 5 ( 20 % )                                  ;
; Total DLLs                      ; 0 / 4 ( 0 % )                                   ;
+---------------------------------+-------------------------------------------------+


+--------------------------------------------------+
; Flow Settings                                    ;
+-------------------+------------------------------+
; Option            ; Setting                      ;
+-------------------+------------------------------+
; Start date & time ; 11/08/2020 13:49:23          ;
; Main task         ; Compilation                  ;
; Revision Name     ; frequency_meter_Nios_display ;
+-------------------+------------------------------+


+------------------------------------------------------------------------------------------------------------------------------------------------------------------------------------------------------------------------------------------------+
; Flow Non-Default Global Settings                                                                                                                                                                                                               ;
+-------------------------------------+-------------------------------------------------------------------------------------------------------------------------------------------------+---------------+---------------------+------------------+
; Assignment Name                     ; Value                                                                                                                                           ; Default Value ; Entity Name         ; Section Id       ;
+-------------------------------------+-------------------------------------------------------------------------------------------------------------------------------------------------+---------------+---------------------+------------------+
; COMPILER_SIGNATURE_ID               ; 44883549519213.160483256205732                                                                                                                  ; --            ; --                  ; --               ;
; ENABLE_SIGNALTAP                    ; On                                                                                                                                              ; --            ; --                  ; --               ;
; MAX_CORE_JUNCTION_TEMP              ; 85                                                                                                                                              ; --            ; --                  ; --               ;
; MIN_CORE_JUNCTION_TEMP              ; 0                                                                                                                                               ; --            ; --                  ; --               ;
; MISC_FILE                           ; freq_m_module/Counter_bb.v                                                                                                                      ; --            ; --                  ; --               ;
; MISC_FILE                           ; Nios_display_system/synthesis/../Nios_display_system.cmp                                                                                        ; --            ; --                  ; --               ;
; MISC_FILE                           ; Nios_display_system/synthesis/../../Nios_display_system.qsys                                                                                    ; --            ; --                  ; --               ;
; MISC_FILE                           ; PLL_base.cmp                                                                                                                                    ; --            ; --                  ; --               ;
; MISC_FILE                           ; PLL_base_sim/PLL_base.vo                                                                                                                        ; --            ; --                  ; --               ;
; MISC_FILE                           ; PLL_Nios.cmp                                                                                                                                    ; --            ; --                  ; --               ;
; MISC_FILE                           ; PLL_Nios_sim/PLL_Nios.vo                                                                                                                        ; --            ; --                  ; --               ;
; MISC_FILE                           ; PLL_All.cmp                                                                                                                                     ; --            ; --                  ; --               ;
; MISC_FILE                           ; PLL_All_sim/PLL_All.vo                                                                                                                          ; --            ; --                  ; --               ;
; PARTITION_COLOR                     ; 16764057                                                                                                                                        ; --            ; --                  ; Top              ;
; PARTITION_FITTER_PRESERVATION_LEVEL ; PLACEMENT_AND_ROUTING                                                                                                                           ; --            ; --                  ; Top              ;
; PARTITION_NETLIST_TYPE              ; SOURCE                                                                                                                                          ; --            ; --                  ; Top              ;
; POWER_BOARD_THERMAL_MODEL           ; None (CONSERVATIVE)                                                                                                                             ; --            ; --                  ; --               ;
; POWER_PRESET_COOLING_SOLUTION       ; 23 MM HEAT SINK WITH 200 LFPM AIRFLOW                                                                                                           ; --            ; --                  ; --               ;
; SLD_FILE                            ; Nios_display_system/synthesis/Nios_display_system.regmap                                                                                        ; --            ; --                  ; --               ;
; SLD_FILE                            ; Nios_display_system/synthesis/Nios_display_system.debuginfo                                                                                     ; --            ; --                  ; --               ;
; SLD_FILE                            ; db/stp1_auto_stripped.stp                                                                                                                       ; --            ; --                  ; --               ;
; SLD_INFO                            ; QSYS_NAME Nios_display_system HAS_SOPCINFO 1 GENERATION_ID 1604785628                                                                           ; --            ; Nios_display_system ; --               ;
; SLD_NODE_CREATOR_ID                 ; 110                                                                                                                                             ; --            ; --                  ; auto_signaltap_0 ;
; SLD_NODE_ENTITY_NAME                ; sld_signaltap                                                                                                                                   ; --            ; --                  ; auto_signaltap_0 ;
; SLD_NODE_PARAMETER_ASSIGNMENT       ; SLD_RAM_BLOCK_TYPE=AUTO                                                                                                                         ; --            ; --                  ; auto_signaltap_0 ;
; SLD_NODE_PARAMETER_ASSIGNMENT       ; SLD_NODE_INFO=805334528                                                                                                                         ; --            ; --                  ; auto_signaltap_0 ;
; SLD_NODE_PARAMETER_ASSIGNMENT       ; SLD_POWER_UP_TRIGGER=0                                                                                                                          ; --            ; --                  ; auto_signaltap_0 ;
; SLD_NODE_PARAMETER_ASSIGNMENT       ; SLD_STORAGE_QUALIFIER_INVERSION_MASK_LENGTH=0                                                                                                   ; --            ; --                  ; auto_signaltap_0 ;
; SLD_NODE_PARAMETER_ASSIGNMENT       ; SLD_ATTRIBUTE_MEM_MODE=OFF                                                                                                                      ; --            ; --                  ; auto_signaltap_0 ;
; SLD_NODE_PARAMETER_ASSIGNMENT       ; SLD_STATE_FLOW_USE_GENERATED=0                                                                                                                  ; --            ; --                  ; auto_signaltap_0 ;
; SLD_NODE_PARAMETER_ASSIGNMENT       ; SLD_STATE_BITS=11                                                                                                                               ; --            ; --                  ; auto_signaltap_0 ;
; SLD_NODE_PARAMETER_ASSIGNMENT       ; SLD_BUFFER_FULL_STOP=1                                                                                                                          ; --            ; --                  ; auto_signaltap_0 ;
; SLD_NODE_PARAMETER_ASSIGNMENT       ; SLD_CURRENT_RESOURCE_WIDTH=1                                                                                                                    ; --            ; --                  ; auto_signaltap_0 ;
; SLD_NODE_PARAMETER_ASSIGNMENT       ; SLD_INCREMENTAL_ROUTING=1                                                                                                                       ; --            ; --                  ; auto_signaltap_0 ;
; SLD_NODE_PARAMETER_ASSIGNMENT       ; SLD_TRIGGER_LEVEL=1                                                                                                                             ; --            ; --                  ; auto_signaltap_0 ;
; SLD_NODE_PARAMETER_ASSIGNMENT       ; SLD_TRIGGER_PIPELINE=0                                                                                                                          ; --            ; --                  ; auto_signaltap_0 ;
; SLD_NODE_PARAMETER_ASSIGNMENT       ; SLD_COUNTER_PIPELINE=0                                                                                                                          ; --            ; --                  ; auto_signaltap_0 ;
; SLD_NODE_PARAMETER_ASSIGNMENT       ; SLD_ADVANCED_TRIGGER_ENTITY=basic,1,                                                                                                            ; --            ; --                  ; auto_signaltap_0 ;
; SLD_NODE_PARAMETER_ASSIGNMENT       ; SLD_TRIGGER_LEVEL_PIPELINE=1                                                                                                                    ; --            ; --                  ; auto_signaltap_0 ;
; SLD_NODE_PARAMETER_ASSIGNMENT       ; SLD_ENABLE_ADVANCED_TRIGGER=0                                                                                                                   ; --            ; --                  ; auto_signaltap_0 ;
; SLD_NODE_PARAMETER_ASSIGNMENT       ; SLD_TRIGGER_IN_ENABLED=1                                                                                                                        ; --            ; --                  ; auto_signaltap_0 ;
; SLD_NODE_PARAMETER_ASSIGNMENT       ; SLD_RAM_PIPELINE=4                                                                                                                              ; --            ; --                  ; auto_signaltap_0 ;
; SLD_NODE_PARAMETER_ASSIGNMENT       ; SLD_SEGMENT_SIZE=256                                                                                                                            ; --            ; --                  ; auto_signaltap_0 ;
; SLD_NODE_PARAMETER_ASSIGNMENT       ; SLD_SAMPLE_DEPTH=256                                                                                                                            ; --            ; --                  ; auto_signaltap_0 ;
; SLD_NODE_PARAMETER_ASSIGNMENT       ; SLD_DATA_BITS=34                                                                                                                                ; --            ; --                  ; auto_signaltap_0 ;
; SLD_NODE_PARAMETER_ASSIGNMENT       ; SLD_TRIGGER_BITS=34                                                                                                                             ; --            ; --                  ; auto_signaltap_0 ;
; SLD_NODE_PARAMETER_ASSIGNMENT       ; SLD_STORAGE_QUALIFIER_BITS=34                                                                                                                   ; --            ; --                  ; auto_signaltap_0 ;
; SLD_NODE_PARAMETER_ASSIGNMENT       ; SLD_INVERSION_MASK=0000000000000000000000000000000000000000000000000000000000000000000000000000000000000000000000000000000000000000000000000000 ; --            ; --                  ; auto_signaltap_0 ;
; SLD_NODE_PARAMETER_ASSIGNMENT       ; SLD_INVERSION_MASK_LENGTH=124                                                                                                                   ; --            ; --                  ; auto_signaltap_0 ;
; SOPCINFO_FILE                       ; Nios_display_system/synthesis/../../Nios_display_system.sopcinfo                                                                                ; --            ; --                  ; --               ;
; SPD_FILE                            ; PLL_base.spd                                                                                                                                    ; --            ; --                  ; --               ;
; SPD_FILE                            ; PLL_Nios.spd                                                                                                                                    ; --            ; --                  ; --               ;
; SPD_FILE                            ; PLL_All.spd                                                                                                                                     ; --            ; --                  ; --               ;
; SYNTHESIS_ONLY_QIP                  ; On                                                                                                                                              ; --            ; --                  ; --               ;
; SYNTHESIS_ONLY_QIP                  ; On                                                                                                                                              ; --            ; --                  ; --               ;
; SYNTHESIS_ONLY_QIP                  ; On                                                                                                                                              ; --            ; --                  ; --               ;
; SYNTHESIS_ONLY_QIP                  ; On                                                                                                                                              ; --            ; --                  ; --               ;
; USE_SIGNALTAP_FILE                  ; stp1.stp                                                                                                                                        ; --            ; --                  ; --               ;
; VERILOG_INPUT_VERSION               ; SystemVerilog_2005                                                                                                                              ; Verilog_2001  ; --                  ; --               ;
; VERILOG_SHOW_LMF_MAPPING_MESSAGES   ; Off                                                                                                                                             ; --            ; --                  ; --               ;
+-------------------------------------+-------------------------------------------------------------------------------------------------------------------------------------------------+---------------+---------------------+------------------+


+-------------------------------------------------------------------------------------------------------------------------------+
; Flow Elapsed Time                                                                                                             ;
+---------------------------+--------------+-------------------------+---------------------+------------------------------------+
; Module Name               ; Elapsed Time ; Average Processors Used ; Peak Virtual Memory ; Total CPU Time (on all processors) ;
+---------------------------+--------------+-------------------------+---------------------+------------------------------------+
; Analysis & Synthesis      ; 00:01:27     ; 1.0                     ; 5292 MB             ; 00:02:04                           ;
; Fitter                    ; 00:02:34     ; 1.1                     ; 6397 MB             ; 00:05:19                           ;
; Assembler                 ; 00:00:11     ; 1.0                     ; 5099 MB             ; 00:00:11                           ;
; TimeQuest Timing Analyzer ; 00:00:28     ; 1.5                     ; 5435 MB             ; 00:00:40                           ;
; Total                     ; 00:04:40     ; --                      ; --                  ; 00:08:14                           ;
+---------------------------+--------------+-------------------------+---------------------+------------------------------------+


+----------------------------------------------------------------------------------------+
; Flow OS Summary                                                                        ;
+---------------------------+------------------+-----------+------------+----------------+
; Module Name               ; Machine Hostname ; OS Name   ; OS Version ; Processor type ;
+---------------------------+------------------+-----------+------------+----------------+
; Analysis & Synthesis      ; DESKTOP-L78EGBR  ; Windows 8 ; 6.2        ; x86_64         ;
; Fitter                    ; DESKTOP-L78EGBR  ; Windows 8 ; 6.2        ; x86_64         ;
; Assembler                 ; DESKTOP-L78EGBR  ; Windows 8 ; 6.2        ; x86_64         ;
; TimeQuest Timing Analyzer ; DESKTOP-L78EGBR  ; Windows 8 ; 6.2        ; x86_64         ;
+---------------------------+------------------+-----------+------------+----------------+


------------
; Flow Log ;
------------
quartus_map --read_settings_files=on --write_settings_files=off frequency_meter_Nios_display -c frequency_meter_Nios_display
quartus_fit --read_settings_files=off --write_settings_files=off frequency_meter_Nios_display -c frequency_meter_Nios_display
quartus_asm --read_settings_files=off --write_settings_files=off frequency_meter_Nios_display -c frequency_meter_Nios_display
quartus_sta frequency_meter_Nios_display -c frequency_meter_Nios_display



